{"total": {"lines":{"total":442,"covered":377,"skipped":0,"pct":85.29},"statements":{"total":442,"covered":377,"skipped":0,"pct":85.29},"functions":{"total":32,"covered":27,"skipped":0,"pct":84.37},"branches":{"total":121,"covered":76,"skipped":0,"pct":62.8},"branchesTrue":{"total":0,"covered":0,"skipped":0,"pct":100}}
,"/Users/adam/Repositories/grafig/packages/lib/src/rendering/canvas.ts": {"lines":{"total":27,"covered":25,"skipped":0,"pct":92.59},"functions":{"total":1,"covered":1,"skipped":0,"pct":100},"statements":{"total":27,"covered":25,"skipped":0,"pct":92.59},"branches":{"total":3,"covered":3,"skipped":0,"pct":100}}
,"/Users/adam/Repositories/grafig/packages/lib/src/rendering/context.ts": {"lines":{"total":61,"covered":61,"skipped":0,"pct":100},"functions":{"total":4,"covered":4,"skipped":0,"pct":100},"statements":{"total":61,"covered":61,"skipped":0,"pct":100},"branches":{"total":5,"covered":4,"skipped":0,"pct":80}}
,"/Users/adam/Repositories/grafig/packages/lib/src/rendering/renderer.ts": {"lines":{"total":5,"covered":5,"skipped":0,"pct":100},"functions":{"total":1,"covered":1,"skipped":0,"pct":100},"statements":{"total":5,"covered":5,"skipped":0,"pct":100},"branches":{"total":1,"covered":1,"skipped":0,"pct":100}}
,"/Users/adam/Repositories/grafig/packages/lib/src/shape/background.ts": {"lines":{"total":11,"covered":8,"skipped":0,"pct":72.72},"functions":{"total":1,"covered":1,"skipped":0,"pct":100},"statements":{"total":11,"covered":8,"skipped":0,"pct":72.72},"branches":{"total":2,"covered":2,"skipped":0,"pct":100}}
,"/Users/adam/Repositories/grafig/packages/lib/src/shape/circle.ts": {"lines":{"total":29,"covered":16,"skipped":0,"pct":55.17},"functions":{"total":1,"covered":1,"skipped":0,"pct":100},"statements":{"total":29,"covered":16,"skipped":0,"pct":55.17},"branches":{"total":2,"covered":1,"skipped":0,"pct":50}}
,"/Users/adam/Repositories/grafig/packages/lib/src/shape/ellipse.ts": {"lines":{"total":33,"covered":20,"skipped":0,"pct":60.6},"functions":{"total":1,"covered":1,"skipped":0,"pct":100},"statements":{"total":33,"covered":20,"skipped":0,"pct":60.6},"branches":{"total":2,"covered":1,"skipped":0,"pct":50}}
,"/Users/adam/Repositories/grafig/packages/lib/src/shape/index.ts": {"lines":{"total":6,"covered":6,"skipped":0,"pct":100},"functions":{"total":6,"covered":6,"skipped":0,"pct":100},"statements":{"total":6,"covered":6,"skipped":0,"pct":100},"branches":{"total":30,"covered":12,"skipped":0,"pct":40}}
,"/Users/adam/Repositories/grafig/packages/lib/src/shape/rect.ts": {"lines":{"total":25,"covered":15,"skipped":0,"pct":60},"functions":{"total":1,"covered":1,"skipped":0,"pct":100},"statements":{"total":25,"covered":15,"skipped":0,"pct":60},"branches":{"total":2,"covered":2,"skipped":0,"pct":100}}
,"/Users/adam/Repositories/grafig/packages/lib/src/shape/square.ts": {"lines":{"total":22,"covered":17,"skipped":0,"pct":77.27},"functions":{"total":1,"covered":1,"skipped":0,"pct":100},"statements":{"total":22,"covered":17,"skipped":0,"pct":77.27},"branches":{"total":2,"covered":1,"skipped":0,"pct":50}}
,"/Users/adam/Repositories/grafig/packages/lib/src/shape/text.ts": {"lines":{"total":28,"covered":16,"skipped":0,"pct":57.14},"functions":{"total":1,"covered":1,"skipped":0,"pct":100},"statements":{"total":28,"covered":16,"skipped":0,"pct":57.14},"branches":{"total":2,"covered":2,"skipped":0,"pct":100}}
,"/Users/adam/Repositories/grafig/packages/lib/src/style/index.ts": {"lines":{"total":2,"covered":1,"skipped":0,"pct":50},"functions":{"total":1,"covered":1,"skipped":0,"pct":100},"statements":{"total":2,"covered":1,"skipped":0,"pct":50},"branches":{"total":5,"covered":2,"skipped":0,"pct":40}}
,"/Users/adam/Repositories/grafig/packages/lib/src/style/props.ts": {"lines":{"total":8,"covered":8,"skipped":0,"pct":100},"functions":{"total":0,"covered":0,"skipped":0,"pct":100},"statements":{"total":8,"covered":8,"skipped":0,"pct":100},"branches":{"total":0,"covered":0,"skipped":0,"pct":100}}
,"/Users/adam/Repositories/grafig/packages/lib/src/style/styled.ts": {"lines":{"total":14,"covered":14,"skipped":0,"pct":100},"functions":{"total":1,"covered":1,"skipped":0,"pct":100},"statements":{"total":14,"covered":14,"skipped":0,"pct":100},"branches":{"total":2,"covered":2,"skipped":0,"pct":100}}
,"/Users/adam/Repositories/grafig/packages/lib/src/vector/add.ts": {"lines":{"total":27,"covered":27,"skipped":0,"pct":100},"functions":{"total":1,"covered":1,"skipped":0,"pct":100},"statements":{"total":27,"covered":27,"skipped":0,"pct":100},"branches":{"total":8,"covered":8,"skipped":0,"pct":100}}
,"/Users/adam/Repositories/grafig/packages/lib/src/vector/core.ts": {"lines":{"total":17,"covered":17,"skipped":0,"pct":100},"functions":{"total":0,"covered":0,"skipped":0,"pct":100},"statements":{"total":17,"covered":17,"skipped":0,"pct":100},"branches":{"total":0,"covered":0,"skipped":0,"pct":100}}
,"/Users/adam/Repositories/grafig/packages/lib/src/vector/div.ts": {"lines":{"total":29,"covered":29,"skipped":0,"pct":100},"functions":{"total":1,"covered":1,"skipped":0,"pct":100},"statements":{"total":29,"covered":29,"skipped":0,"pct":100},"branches":{"total":13,"covered":12,"skipped":0,"pct":92.3}}
,"/Users/adam/Repositories/grafig/packages/lib/src/vector/from.ts": {"lines":{"total":33,"covered":33,"skipped":0,"pct":100},"functions":{"total":1,"covered":1,"skipped":0,"pct":100},"statements":{"total":33,"covered":33,"skipped":0,"pct":100},"branches":{"total":2,"covered":1,"skipped":0,"pct":50}}
,"/Users/adam/Repositories/grafig/packages/lib/src/vector/index.ts": {"lines":{"total":7,"covered":1,"skipped":0,"pct":14.28},"functions":{"total":6,"covered":1,"skipped":0,"pct":16.66},"statements":{"total":7,"covered":1,"skipped":0,"pct":14.28},"branches":{"total":25,"covered":7,"skipped":0,"pct":28}}
,"/Users/adam/Repositories/grafig/packages/lib/src/vector/is.ts": {"lines":{"total":9,"covered":9,"skipped":0,"pct":100},"functions":{"total":1,"covered":1,"skipped":0,"pct":100},"statements":{"total":9,"covered":9,"skipped":0,"pct":100},"branches":{"total":4,"covered":4,"skipped":0,"pct":100}}
,"/Users/adam/Repositories/grafig/packages/lib/src/vector/mult.ts": {"lines":{"total":22,"covered":22,"skipped":0,"pct":100},"functions":{"total":1,"covered":1,"skipped":0,"pct":100},"statements":{"total":22,"covered":22,"skipped":0,"pct":100},"branches":{"total":3,"covered":3,"skipped":0,"pct":100}}
,"/Users/adam/Repositories/grafig/packages/lib/src/vector/sub.ts": {"lines":{"total":27,"covered":27,"skipped":0,"pct":100},"functions":{"total":1,"covered":1,"skipped":0,"pct":100},"statements":{"total":27,"covered":27,"skipped":0,"pct":100},"branches":{"total":8,"covered":8,"skipped":0,"pct":100}}
}
