{"total": {"lines":{"total":208,"covered":187,"skipped":0,"pct":89.9},"statements":{"total":208,"covered":187,"skipped":0,"pct":89.9},"functions":{"total":21,"covered":15,"skipped":0,"pct":71.42},"branches":{"total":72,"covered":54,"skipped":0,"pct":75},"branchesTrue":{"total":0,"covered":0,"skipped":0,"pct":100}}
,"/Users/adam/Repositories/fyp/packages/lib/src/option.ts": {"lines":{"total":10,"covered":10,"skipped":0,"pct":100},"functions":{"total":1,"covered":1,"skipped":0,"pct":100},"statements":{"total":10,"covered":10,"skipped":0,"pct":100},"branches":{"total":3,"covered":3,"skipped":0,"pct":100}}
,"/Users/adam/Repositories/fyp/packages/lib/src/rendering/canvas.ts": {"lines":{"total":43,"covered":43,"skipped":0,"pct":100},"functions":{"total":5,"covered":5,"skipped":0,"pct":100},"statements":{"total":43,"covered":43,"skipped":0,"pct":100},"branches":{"total":9,"covered":9,"skipped":0,"pct":100}}
,"/Users/adam/Repositories/fyp/packages/lib/src/rendering/context.ts": {"lines":{"total":30,"covered":14,"skipped":0,"pct":46.66},"functions":{"total":3,"covered":1,"skipped":0,"pct":33.33},"statements":{"total":30,"covered":14,"skipped":0,"pct":46.66},"branches":{"total":2,"covered":1,"skipped":0,"pct":50}}
,"/Users/adam/Repositories/fyp/packages/lib/src/rendering/renderer.ts": {"lines":{"total":13,"covered":13,"skipped":0,"pct":100},"functions":{"total":2,"covered":2,"skipped":0,"pct":100},"statements":{"total":13,"covered":13,"skipped":0,"pct":100},"branches":{"total":3,"covered":3,"skipped":0,"pct":100}}
,"/Users/adam/Repositories/fyp/packages/lib/src/vector/add.ts": {"lines":{"total":20,"covered":20,"skipped":0,"pct":100},"functions":{"total":1,"covered":1,"skipped":0,"pct":100},"statements":{"total":20,"covered":20,"skipped":0,"pct":100},"branches":{"total":8,"covered":8,"skipped":0,"pct":100}}
,"/Users/adam/Repositories/fyp/packages/lib/src/vector/core.ts": {"lines":{"total":17,"covered":17,"skipped":0,"pct":100},"functions":{"total":0,"covered":0,"skipped":0,"pct":100},"statements":{"total":17,"covered":17,"skipped":0,"pct":100},"branches":{"total":0,"covered":0,"skipped":0,"pct":100}}
,"/Users/adam/Repositories/fyp/packages/lib/src/vector/div.ts": {"lines":{"total":20,"covered":20,"skipped":0,"pct":100},"functions":{"total":1,"covered":1,"skipped":0,"pct":100},"statements":{"total":20,"covered":20,"skipped":0,"pct":100},"branches":{"total":13,"covered":12,"skipped":0,"pct":92.3}}
,"/Users/adam/Repositories/fyp/packages/lib/src/vector/from.ts": {"lines":{"total":16,"covered":16,"skipped":0,"pct":100},"functions":{"total":1,"covered":1,"skipped":0,"pct":100},"statements":{"total":16,"covered":16,"skipped":0,"pct":100},"branches":{"total":2,"covered":1,"skipped":0,"pct":50}}
,"/Users/adam/Repositories/fyp/packages/lib/src/vector/index.ts": {"lines":{"total":6,"covered":1,"skipped":0,"pct":16.66},"functions":{"total":5,"covered":1,"skipped":0,"pct":20},"statements":{"total":6,"covered":1,"skipped":0,"pct":16.66},"branches":{"total":21,"covered":6,"skipped":0,"pct":28.57}}
,"/Users/adam/Repositories/fyp/packages/lib/src/vector/mult.ts": {"lines":{"total":13,"covered":13,"skipped":0,"pct":100},"functions":{"total":1,"covered":1,"skipped":0,"pct":100},"statements":{"total":13,"covered":13,"skipped":0,"pct":100},"branches":{"total":3,"covered":3,"skipped":0,"pct":100}}
,"/Users/adam/Repositories/fyp/packages/lib/src/vector/sub.ts": {"lines":{"total":20,"covered":20,"skipped":0,"pct":100},"functions":{"total":1,"covered":1,"skipped":0,"pct":100},"statements":{"total":20,"covered":20,"skipped":0,"pct":100},"branches":{"total":8,"covered":8,"skipped":0,"pct":100}}
}
