TN:
SF:src/option.ts
FN:5,select
FNF:1
FNH:1
FNDA:4,select
DA:1,1
DA:2,1
DA:3,1
DA:4,1
DA:5,1
DA:6,4
DA:7,4
DA:8,4
DA:9,4
DA:10,4
LF:10
LH:10
BRDA:5,0,0,4
BRDA:9,1,0,2
BRDA:9,2,0,2
BRF:3
BRH:3
end_of_record
TN:
SF:src/rendering/canvas.ts
FN:6,useBody
FN:9,useElementById
FN:20,createCanvas
FN:27,get dimensions
FN:30,set dimensions
FNF:5
FNH:5
FNDA:1,useBody
FNDA:1,useElementById
FNDA:4,createCanvas
FNDA:4,get dimensions
FNDA:3,set dimensions
DA:1,1
DA:2,1
DA:3,1
DA:4,1
DA:5,1
DA:6,1
DA:7,1
DA:8,1
DA:9,1
DA:10,1
DA:11,1
DA:12,1
DA:13,1
DA:14,1
DA:15,1
DA:16,1
DA:17,1
DA:18,1
DA:19,1
DA:20,1
DA:21,4
DA:22,4
DA:23,4
DA:24,4
DA:25,4
DA:26,4
DA:27,4
DA:28,4
DA:29,4
DA:30,4
DA:31,3
DA:32,3
DA:33,3
DA:34,4
DA:35,4
DA:36,4
DA:37,4
DA:38,3
DA:39,3
DA:40,3
DA:41,3
DA:42,3
DA:43,3
LF:43
LH:43
BRDA:6,0,0,1
BRDA:7,1,0,1
BRDA:9,2,0,1
BRDA:12,3,0,1
BRDA:20,4,0,4
BRDA:37,5,0,1
BRDA:38,6,0,3
BRDA:27,7,0,4
BRDA:30,8,0,3
BRF:9
BRH:9
end_of_record
TN:
SF:src/rendering/context.ts
FN:4,createContext
FN:12,background
FN:19,text
FNF:3
FNH:1
FNDA:4,createContext
FNDA:0,background
FNDA:0,text
DA:1,1
DA:2,1
DA:3,1
DA:4,1
DA:5,4
DA:6,4
DA:7,4
DA:8,4
DA:9,4
DA:10,4
DA:11,1
DA:12,1
DA:13,0
DA:14,0
DA:15,0
DA:16,0
DA:17,0
DA:18,1
DA:19,1
DA:20,0
DA:21,0
DA:22,0
DA:23,0
DA:24,0
DA:25,0
DA:26,0
DA:27,0
DA:28,0
DA:29,0
DA:30,0
LF:30
LH:14
BRDA:4,0,0,4
BRDA:8,1,0,0
BRF:2
BRH:1
end_of_record
TN:
SF:src/rendering/renderer.ts
FN:9,createRenderer
FN:11,apply
FNF:2
FNH:2
FNDA:2,createRenderer
FNDA:1,apply
DA:1,1
DA:2,1
DA:3,1
DA:4,1
DA:5,1
DA:6,1
DA:7,1
DA:8,1
DA:9,1
DA:10,2
DA:11,2
DA:12,2
DA:13,2
LF:13
LH:13
BRDA:9,0,0,2
BRDA:11,1,0,1
BRDA:11,2,0,3
BRF:3
BRH:3
end_of_record
TN:
SF:src/vector/add.ts
FN:6,add
FNF:1
FNH:1
FNDA:18,add
DA:1,1
DA:2,1
DA:3,1
DA:4,1
DA:5,1
DA:6,1
DA:7,18
DA:8,6
DA:9,6
DA:10,6
DA:11,6
DA:12,6
DA:13,6
DA:14,12
DA:15,12
DA:16,12
DA:17,12
DA:18,12
DA:19,12
DA:20,18
LF:20
LH:20
BRDA:6,0,0,18
BRDA:8,1,0,6
BRDA:12,2,0,3
BRDA:12,3,0,3
BRDA:14,4,0,12
BRDA:18,5,0,6
BRDA:18,6,0,3
BRDA:18,7,0,6
BRF:8
BRH:8
end_of_record
TN:
SF:src/vector/core.ts
FNF:0
FNH:0
DA:1,1
DA:2,1
DA:3,1
DA:4,1
DA:5,1
DA:6,1
DA:7,1
DA:8,1
DA:9,1
DA:10,1
DA:11,1
DA:12,1
DA:13,1
DA:14,1
DA:15,1
DA:16,1
DA:17,1
LF:17
LH:17
BRF:0
BRH:0
end_of_record
TN:
SF:src/vector/div.ts
FN:6,div
FNF:1
FNH:1
FNDA:24,div
DA:1,1
DA:2,1
DA:3,1
DA:4,1
DA:5,1
DA:6,1
DA:7,24
DA:8,8
DA:9,8
DA:10,8
DA:11,8
DA:12,8
DA:13,8
DA:14,16
DA:15,16
DA:16,16
DA:17,16
DA:18,16
DA:19,16
DA:20,24
LF:20
LH:20
BRDA:6,0,0,24
BRDA:8,1,0,8
BRDA:10,2,0,2
BRDA:11,3,0,2
BRDA:12,4,0,4
BRDA:12,5,0,1
BRDA:12,6,0,4
BRDA:14,7,0,16
BRDA:16,8,0,4
BRDA:17,9,0,0
BRDA:18,10,0,8
BRDA:18,11,0,5
BRDA:18,12,0,8
BRF:13
BRH:12
end_of_record
TN:
SF:src/vector/from.ts
FN:11,from
FNF:1
FNH:1
FNDA:7,from
DA:1,1
DA:2,1
DA:3,1
DA:4,1
DA:5,1
DA:6,1
DA:7,1
DA:8,1
DA:9,1
DA:10,1
DA:11,1
DA:12,7
DA:13,7
DA:14,7
DA:15,7
DA:16,7
LF:16
LH:16
BRDA:11,0,0,7
BRDA:15,1,0,0
BRF:2
BRH:1
end_of_record
TN:
SF:src/vector/index.ts
FN:2,get
FN:3,get
FN:4,get
FN:5,get
FN:6,get
FNF:5
FNH:1
FNDA:0,get
FNDA:0,get
FNDA:7,get
FNDA:0,get
FNDA:0,get
DA:1,0
DA:2,0
DA:3,0
DA:4,7
DA:5,0
DA:6,0
LF:6
LH:1
BRDA:2,0,0,1
BRDA:2,1,0,0
BRDA:2,2,0,0
BRDA:2,3,0,0
BRDA:3,4,0,1
BRDA:3,5,0,0
BRDA:3,6,0,0
BRDA:3,7,0,0
BRDA:4,8,0,1
BRDA:4,9,0,0
BRDA:4,10,0,0
BRDA:4,11,0,0
BRDA:4,12,0,7
BRDA:5,13,0,1
BRDA:5,14,0,0
BRDA:5,15,0,0
BRDA:5,16,0,0
BRDA:6,17,0,1
BRDA:6,18,0,0
BRDA:6,19,0,0
BRDA:6,20,0,0
BRF:21
BRH:6
end_of_record
TN:
SF:src/vector/mult.ts
FN:6,mult
FNF:1
FNH:1
FNDA:6,mult
DA:1,1
DA:2,1
DA:3,1
DA:4,1
DA:5,1
DA:6,1
DA:7,6
DA:8,6
DA:9,6
DA:10,6
DA:11,6
DA:12,6
DA:13,6
LF:13
LH:13
BRDA:6,0,0,6
BRDA:11,1,0,3
BRDA:11,2,0,3
BRF:3
BRH:3
end_of_record
TN:
SF:src/vector/sub.ts
FN:6,sub
FNF:1
FNH:1
FNDA:18,sub
DA:1,1
DA:2,1
DA:3,1
DA:4,1
DA:5,1
DA:6,1
DA:7,18
DA:8,6
DA:9,6
DA:10,6
DA:11,6
DA:12,6
DA:13,6
DA:14,12
DA:15,12
DA:16,12
DA:17,12
DA:18,12
DA:19,12
DA:20,18
LF:20
LH:20
BRDA:6,0,0,18
BRDA:8,1,0,6
BRDA:12,2,0,3
BRDA:12,3,0,3
BRDA:14,4,0,12
BRDA:18,5,0,6
BRDA:18,6,0,3
BRDA:18,7,0,6
BRF:8
BRH:8
end_of_record
