TN:
SF:src/rendering/canvas.ts
FN:8,Canvas
FNF:1
FNH:1
FNDA:4,Canvas
DA:1,1
DA:2,1
DA:3,1
DA:4,1
DA:5,1
DA:6,1
DA:7,1
DA:8,1
DA:9,4
DA:10,4
DA:11,4
DA:12,4
DA:13,4
DA:14,4
DA:15,4
DA:16,1
DA:17,1
DA:18,1
DA:19,4
DA:20,4
DA:21,1
DA:22,1
DA:23,4
DA:24,4
DA:25,0
DA:26,0
DA:27,4
LF:27
LH:25
BRDA:8,0,0,4
BRDA:15,1,0,1
BRDA:20,2,0,1
BRF:3
BRH:3
end_of_record
TN:
SF:src/rendering/context.ts
FN:38,createContext
FN:44,get dimensions
FN:47,set dimensions
FN:51,apply
FNF:4
FNH:4
FNDA:4,createContext
FNDA:1,get dimensions
FNDA:2,set dimensions
FNDA:1,apply
DA:1,1
DA:2,1
DA:3,1
DA:4,1
DA:5,1
DA:6,1
DA:7,1
DA:8,1
DA:9,1
DA:10,1
DA:11,1
DA:12,1
DA:13,1
DA:14,1
DA:15,1
DA:16,1
DA:17,1
DA:18,1
DA:19,1
DA:20,1
DA:21,1
DA:22,1
DA:23,1
DA:24,1
DA:25,1
DA:26,1
DA:27,1
DA:28,1
DA:29,1
DA:30,1
DA:31,1
DA:32,1
DA:33,1
DA:34,1
DA:35,1
DA:36,1
DA:37,1
DA:38,1
DA:39,4
DA:40,4
DA:41,4
DA:42,4
DA:43,4
DA:44,4
DA:45,1
DA:46,4
DA:47,4
DA:48,2
DA:49,2
DA:50,4
DA:51,4
DA:52,1
DA:53,4
DA:54,4
DA:55,4
DA:56,4
DA:57,4
DA:58,4
DA:59,4
DA:60,4
DA:61,4
LF:61
LH:61
BRDA:38,0,0,4
BRDA:41,1,0,0
BRDA:44,2,0,1
BRDA:47,3,0,2
BRDA:51,4,0,1
BRF:5
BRH:4
end_of_record
TN:
SF:src/rendering/renderer.ts
FN:3,Renderer
FNF:1
FNH:1
FNDA:1,Renderer
DA:1,1
DA:2,1
DA:3,1
DA:4,1
DA:5,1
LF:5
LH:5
BRDA:3,0,0,1
BRF:1
BRH:1
end_of_record
TN:
SF:src/shape/background.ts
FN:1,background
FNF:1
FNH:1
FNDA:2,background
DA:1,1
DA:2,2
DA:3,2
DA:4,2
DA:5,2
DA:6,1
DA:7,1
DA:8,0
DA:9,0
DA:10,0
DA:11,1
LF:11
LH:8
BRDA:1,0,0,2
BRDA:5,1,0,1
BRF:2
BRH:2
end_of_record
TN:
SF:src/shape/circle.ts
FN:4,circle
FNF:1
FNH:1
FNDA:4,circle
DA:1,1
DA:2,1
DA:3,1
DA:4,1
DA:5,4
DA:6,4
DA:7,4
DA:8,4
DA:9,4
DA:10,4
DA:11,0
DA:12,0
DA:13,0
DA:14,0
DA:15,0
DA:16,0
DA:17,0
DA:18,0
DA:19,0
DA:20,0
DA:21,0
DA:22,0
DA:23,0
DA:24,4
DA:25,4
DA:26,1
DA:27,1
DA:28,1
DA:29,1
LF:29
LH:16
BRDA:4,0,0,4
BRDA:8,1,0,0
BRF:2
BRH:1
end_of_record
TN:
SF:src/shape/ellipse.ts
FN:12,ellipse
FNF:1
FNH:1
FNDA:4,ellipse
DA:1,1
DA:2,1
DA:3,1
DA:4,1
DA:5,1
DA:6,1
DA:7,1
DA:8,1
DA:9,1
DA:10,1
DA:11,1
DA:12,1
DA:13,4
DA:14,4
DA:15,4
DA:16,4
DA:17,4
DA:18,4
DA:19,0
DA:20,0
DA:21,0
DA:22,0
DA:23,0
DA:24,0
DA:25,0
DA:26,0
DA:27,0
DA:28,0
DA:29,0
DA:30,0
DA:31,0
DA:32,4
DA:33,4
LF:33
LH:20
BRDA:12,0,0,4
BRDA:16,1,0,0
BRF:2
BRH:1
end_of_record
TN:
SF:src/shape/index.ts
FN:1,get
FN:2,get
FN:3,get
FN:4,get
FN:5,get
FN:6,get
FNF:6
FNH:6
FNDA:2,get
FNDA:4,get
FNDA:4,get
FNDA:2,get
FNDA:2,get
FNDA:4,get
DA:1,2
DA:2,4
DA:3,4
DA:4,2
DA:5,2
DA:6,4
LF:6
LH:6
BRDA:1,0,0,1
BRDA:1,1,0,0
BRDA:1,2,0,0
BRDA:1,3,0,0
BRDA:1,4,0,2
BRDA:2,5,0,1
BRDA:2,6,0,0
BRDA:2,7,0,0
BRDA:2,8,0,0
BRDA:2,9,0,4
BRDA:3,10,0,1
BRDA:3,11,0,0
BRDA:3,12,0,0
BRDA:3,13,0,0
BRDA:3,14,0,4
BRDA:4,15,0,1
BRDA:4,16,0,0
BRDA:4,17,0,0
BRDA:4,18,0,0
BRDA:4,19,0,2
BRDA:5,20,0,1
BRDA:5,21,0,0
BRDA:5,22,0,0
BRDA:5,23,0,0
BRDA:5,24,0,2
BRDA:6,25,0,1
BRDA:6,26,0,0
BRDA:6,27,0,0
BRDA:6,28,0,0
BRDA:6,29,0,4
BRF:30
BRH:12
end_of_record
TN:
SF:src/shape/rect.ts
FN:9,rect
FNF:1
FNH:1
FNDA:2,rect
DA:1,1
DA:2,1
DA:3,1
DA:4,1
DA:5,1
DA:6,1
DA:7,1
DA:8,1
DA:9,1
DA:10,2
DA:11,2
DA:12,1
DA:13,1
DA:14,0
DA:15,0
DA:16,0
DA:17,0
DA:18,0
DA:19,0
DA:20,0
DA:21,0
DA:22,0
DA:23,0
DA:24,1
DA:25,1
LF:25
LH:15
BRDA:9,0,0,2
BRDA:11,1,0,1
BRF:2
BRH:2
end_of_record
TN:
SF:src/shape/square.ts
FN:9,square
FNF:1
FNH:1
FNDA:4,square
DA:1,1
DA:2,1
DA:3,1
DA:4,1
DA:5,1
DA:6,1
DA:7,1
DA:8,1
DA:9,1
DA:10,4
DA:11,4
DA:12,4
DA:13,4
DA:14,4
DA:15,4
DA:16,0
DA:17,0
DA:18,0
DA:19,0
DA:20,0
DA:21,4
DA:22,4
LF:22
LH:17
BRDA:9,0,0,4
BRDA:13,1,0,0
BRF:2
BRH:1
end_of_record
TN:
SF:src/shape/text.ts
FN:10,text
FNF:1
FNH:1
FNDA:2,text
DA:1,1
DA:2,1
DA:3,1
DA:4,1
DA:5,1
DA:6,1
DA:7,1
DA:8,1
DA:9,1
DA:10,1
DA:11,2
DA:12,2
DA:13,1
DA:14,1
DA:15,0
DA:16,0
DA:17,0
DA:18,0
DA:19,0
DA:20,0
DA:21,0
DA:22,0
DA:23,0
DA:24,0
DA:25,0
DA:26,0
DA:27,1
DA:28,1
LF:28
LH:16
BRDA:10,0,0,2
BRDA:12,1,0,1
BRF:2
BRH:2
end_of_record
TN:
SF:src/style/index.ts
FN:1,get
FNF:1
FNH:1
FNDA:2,get
DA:1,2
DA:2,0
LF:2
LH:1
BRDA:1,0,0,1
BRDA:1,1,0,0
BRDA:1,2,0,0
BRDA:1,3,0,0
BRDA:1,4,0,2
BRF:5
BRH:2
end_of_record
TN:
SF:src/style/props.ts
FNF:0
FNH:0
DA:1,1
DA:2,1
DA:3,1
DA:4,1
DA:5,1
DA:6,1
DA:7,1
DA:8,1
LF:8
LH:8
BRF:0
BRH:0
end_of_record
TN:
SF:src/style/styled.ts
FN:3,styled
FNF:1
FNH:1
FNDA:2,styled
DA:1,1
DA:2,1
DA:3,1
DA:4,2
DA:5,2
DA:6,2
DA:7,2
DA:8,1
DA:9,1
DA:10,1
DA:11,1
DA:12,1
DA:13,1
DA:14,2
LF:14
LH:14
BRDA:3,0,0,2
BRDA:7,1,0,1
BRF:2
BRH:2
end_of_record
TN:
SF:src/vector/add.ts
FN:13,add
FNF:1
FNH:1
FNDA:18,add
DA:1,1
DA:2,1
DA:3,1
DA:4,1
DA:5,1
DA:6,1
DA:7,1
DA:8,1
DA:9,1
DA:10,1
DA:11,1
DA:12,1
DA:13,1
DA:14,18
DA:15,6
DA:16,6
DA:17,6
DA:18,6
DA:19,6
DA:20,6
DA:21,12
DA:22,12
DA:23,12
DA:24,12
DA:25,12
DA:26,12
DA:27,18
LF:27
LH:27
BRDA:13,0,0,18
BRDA:15,1,0,6
BRDA:19,2,0,3
BRDA:19,3,0,3
BRDA:21,4,0,12
BRDA:25,5,0,6
BRDA:25,6,0,3
BRDA:25,7,0,6
BRF:8
BRH:8
end_of_record
TN:
SF:src/vector/core.ts
FNF:0
FNH:0
DA:1,1
DA:2,1
DA:3,1
DA:4,1
DA:5,1
DA:6,1
DA:7,1
DA:8,1
DA:9,1
DA:10,1
DA:11,1
DA:12,1
DA:13,1
DA:14,1
DA:15,1
DA:16,1
DA:17,1
LF:17
LH:17
BRF:0
BRH:0
end_of_record
TN:
SF:src/vector/div.ts
FN:15,div
FNF:1
FNH:1
FNDA:24,div
DA:1,1
DA:2,1
DA:3,1
DA:4,1
DA:5,1
DA:6,1
DA:7,1
DA:8,1
DA:9,1
DA:10,1
DA:11,1
DA:12,1
DA:13,1
DA:14,1
DA:15,1
DA:16,24
DA:17,8
DA:18,8
DA:19,8
DA:20,8
DA:21,8
DA:22,8
DA:23,16
DA:24,16
DA:25,16
DA:26,16
DA:27,16
DA:28,16
DA:29,24
LF:29
LH:29
BRDA:15,0,0,24
BRDA:17,1,0,8
BRDA:19,2,0,2
BRDA:20,3,0,2
BRDA:21,4,0,4
BRDA:21,5,0,1
BRDA:21,6,0,4
BRDA:23,7,0,16
BRDA:25,8,0,4
BRDA:26,9,0,0
BRDA:27,10,0,8
BRDA:27,11,0,5
BRDA:27,12,0,8
BRF:13
BRH:12
end_of_record
TN:
SF:src/vector/from.ts
FN:28,from
FNF:1
FNH:1
FNDA:1,from
DA:1,1
DA:2,1
DA:3,1
DA:4,1
DA:5,1
DA:6,1
DA:7,1
DA:8,1
DA:9,1
DA:10,1
DA:11,1
DA:12,1
DA:13,1
DA:14,1
DA:15,1
DA:16,1
DA:17,1
DA:18,1
DA:19,1
DA:20,1
DA:21,1
DA:22,1
DA:23,1
DA:24,1
DA:25,1
DA:26,1
DA:27,1
DA:28,1
DA:29,1
DA:30,1
DA:31,1
DA:32,1
DA:33,1
LF:33
LH:33
BRDA:28,0,0,1
BRDA:32,1,0,0
BRF:2
BRH:1
end_of_record
TN:
SF:src/vector/index.ts
FN:2,get
FN:3,get
FN:4,get
FN:5,get
FN:6,get
FN:7,get
FNF:6
FNH:1
FNDA:0,get
FNDA:0,get
FNDA:1,get
FNDA:0,get
FNDA:0,get
FNDA:0,get
DA:1,0
DA:2,0
DA:3,0
DA:4,1
DA:5,0
DA:6,0
DA:7,0
LF:7
LH:1
BRDA:2,0,0,1
BRDA:2,1,0,0
BRDA:2,2,0,0
BRDA:2,3,0,0
BRDA:3,4,0,1
BRDA:3,5,0,0
BRDA:3,6,0,0
BRDA:3,7,0,0
BRDA:4,8,0,1
BRDA:4,9,0,0
BRDA:4,10,0,0
BRDA:4,11,0,0
BRDA:4,12,0,1
BRDA:5,13,0,1
BRDA:5,14,0,0
BRDA:5,15,0,0
BRDA:5,16,0,0
BRDA:6,17,0,1
BRDA:6,18,0,0
BRDA:6,19,0,0
BRDA:6,20,0,0
BRDA:7,21,0,1
BRDA:7,22,0,0
BRDA:7,23,0,0
BRDA:7,24,0,0
BRF:25
BRH:7
end_of_record
TN:
SF:src/vector/is.ts
FN:3,is
FNF:1
FNH:1
FNDA:6,is
DA:1,1
DA:2,1
DA:3,1
DA:4,6
DA:5,6
DA:6,6
DA:7,3
DA:8,6
DA:9,6
LF:9
LH:9
BRDA:3,0,0,6
BRDA:5,1,0,3
BRDA:6,2,0,3
BRDA:7,3,0,1
BRF:4
BRH:4
end_of_record
TN:
SF:src/vector/mult.ts
FN:15,mult
FNF:1
FNH:1
FNDA:6,mult
DA:1,1
DA:2,1
DA:3,1
DA:4,1
DA:5,1
DA:6,1
DA:7,1
DA:8,1
DA:9,1
DA:10,1
DA:11,1
DA:12,1
DA:13,1
DA:14,1
DA:15,1
DA:16,6
DA:17,6
DA:18,6
DA:19,6
DA:20,6
DA:21,6
DA:22,6
LF:22
LH:22
BRDA:15,0,0,6
BRDA:20,1,0,3
BRDA:20,2,0,3
BRF:3
BRH:3
end_of_record
TN:
SF:src/vector/sub.ts
FN:13,sub
FNF:1
FNH:1
FNDA:18,sub
DA:1,1
DA:2,1
DA:3,1
DA:4,1
DA:5,1
DA:6,1
DA:7,1
DA:8,1
DA:9,1
DA:10,1
DA:11,1
DA:12,1
DA:13,1
DA:14,18
DA:15,6
DA:16,6
DA:17,6
DA:18,6
DA:19,6
DA:20,6
DA:21,12
DA:22,12
DA:23,12
DA:24,12
DA:25,12
DA:26,12
DA:27,18
LF:27
LH:27
BRDA:13,0,0,18
BRDA:15,1,0,6
BRDA:19,2,0,3
BRDA:19,3,0,3
BRDA:21,4,0,12
BRDA:25,5,0,6
BRDA:25,6,0,3
BRDA:25,7,0,6
BRF:8
BRH:8
end_of_record
